2022-02-24 04:42:29,006 ('Enter fileName : ', ['1st', '2nd', '3rd'])
2022-02-24 04:42:29,007 ('Enter fileType : ', ['txt', 'txt', 'txt'])
2022-02-24 04:42:29,007 ('Enter date : ', [2001, 2011, 2021])
2022-02-24 04:42:29,007 ('Enter size : ', [40, 50, 60])
2022-02-24 04:42:29,549 ('this is file_open function',)
2022-02-24 04:42:29,550 ('Check whether file is already present or not',)
2022-02-24 04:42:29,550 ('Create a new file ', '1st.txt')
2022-02-24 04:42:40,675 ('write this is my first file in file',)
2022-02-24 04:42:40,675 ('Check whether file is already present or not',)
2022-02-24 04:42:40,676 ('Create a new file ', '2nd.txt')
2022-02-24 04:42:52,418 ('write this is my second file in file',)
2022-02-24 04:42:52,418 ('Check whether file is already present or not',)
2022-02-24 04:42:52,419 ('Create a new file ', '3rd.txt')
2022-02-24 04:43:02,913 ('write this is my third file in file',)
2022-02-24 04:43:07,068 ('this is file_read function',)
2022-02-24 04:43:07,069 ('check whether 1st.txt is in there or not',)
2022-02-24 04:43:07,069 ('open 1st.txt file',)
2022-02-24 04:43:07,070 ('read 1st.txtfile',)
2022-02-24 04:43:07,821 ('this is file_read function',)
2022-02-24 04:43:07,821 ('check whether 2nd.txt is in there or not',)
2022-02-24 04:43:07,822 ('open 2nd.txt file',)
2022-02-24 04:43:07,823 ('read 2nd.txtfile',)
2022-02-24 04:43:08,393 ('this is file_read function',)
2022-02-24 04:43:08,393 ('check whether 3rd.txt is in there or not',)
2022-02-24 04:43:08,395 ('open 3rd.txt file',)
2022-02-24 04:43:08,395 ('read 3rd.txtfile',)
2022-02-24 04:43:44,964 ('this is file_append function',)
2022-02-24 04:43:44,964 ('check whether 1st.txt is there or not',)
2022-02-24 04:43:44,965 ('open 1st.txt',)
2022-02-24 04:43:49,716 ('append  this file is created in 2001 in 1st.txt',)
2022-02-24 04:43:49,717 ('read 1st.txtfile',)
2022-02-24 04:44:05,709 ('this is file_append function',)
2022-02-24 04:44:05,709 ('check whether 2nd.txt is there or not',)
2022-02-24 04:44:05,713 ('open 2nd.txt',)
2022-02-24 04:44:17,398 ('append  this file is created in 2011 in 2nd.txt',)
2022-02-24 04:44:17,400 ('read 2nd.txtfile',)
2022-02-24 04:44:34,112 ('this is file_append function',)
2022-02-24 04:44:34,113 ('check whether 3rd.txt is there or not',)
2022-02-24 04:44:34,114 ('open 3rd.txt',)
2022-02-24 04:44:44,236 ('append  this file is created in 2021 in 3rd.txt',)
2022-02-24 04:44:44,237 ('read 3rd.txtfile',)
